[04-14 20:28:48]: [INFO] SQLite driver loaded
[04-14 20:28:51]: [INFO] SQLite Setup finished
[04-14 20:28:51]: [INFO] Hooked into PermissionsEx!
[04-14 20:28:51]: [INFO] Hooked successfully into Multiverse-Core
[04-14 20:28:52]: [WARN] WARNING! The protectInventory feature requires ProtocolLib! Disabling it...
[04-14 20:28:52]: [INFO] Development builds are available on our jenkins, thanks to f14stelt.
[04-14 20:28:52]: [INFO] Do you want a good game server? Look at our sponsor GameHosting.it leader in Italy as Game Server Provider!
[04-14 20:28:52]: [INFO] AuthMe 5.2 build n.1542 correctly enabled!
[04-14 20:32:12]: [FINE] TotalmenteGamer registered 192.168.0.104
[04-14 20:32:12]: [FINE] TotalmenteGamer logged in!
[04-14 20:32:13]: [INFO] [LICENSE] This product uses data from the GeoLite API created by MaxMind, available at http://www.maxmind.com
[04-14 20:35:44]: [FINE] TotalmenteGamer logged in!
[04-14 21:00:04]: [FINE] TotalmenteGamer logged in!
[04-14 21:00:36]: [INFO] TotalmenteGamer logged out
[04-14 21:00:44]: [FINE] TotalmenteGamer logged in!
[04-14 21:00:52]: [INFO] TotalmenteGamer logged out
[04-14 21:00:59]: [FINE] TotalmenteGamer logged in!
[04-15 10:05:10]: [INFO] SQLite driver loaded
[04-15 10:05:11]: [INFO] SQLite Setup finished
[04-15 10:05:11]: [INFO] Hooked into PermissionsEx!
[04-15 10:05:11]: [INFO] Hooked successfully into Multiverse-Core
[04-15 10:05:12]: [INFO] [LICENSE] This product uses data from the GeoLite API created by MaxMind, available at http://www.maxmind.com
[04-15 10:05:15]: [WARN] WARNING! The protectInventory feature requires ProtocolLib! Disabling it...
[04-15 10:05:16]: [INFO] Development builds are available on our jenkins, thanks to f14stelt.
[04-15 10:05:16]: [INFO] Do you want a good game server? Look at our sponsor GameHosting.it leader in Italy as Game Server Provider!
[04-15 10:05:16]: [INFO] AuthMe 5.2 build n.1542 correctly enabled!
[04-15 10:05:42]: [FINE] TotalmenteGamer logged in!
[04-15 18:04:12]: [INFO] SQLite driver loaded
[04-15 18:04:12]: [INFO] SQLite Setup finished
[04-15 18:04:12]: [INFO] Hooked into PermissionsEx!
[04-15 18:04:13]: [INFO] Hooked successfully into Multiverse-Core
[04-15 18:04:13]: [INFO] [LICENSE] This product uses data from the GeoLite API created by MaxMind, available at http://www.maxmind.com
[04-15 18:04:14]: [WARN] WARNING! The protectInventory feature requires ProtocolLib! Disabling it...
[04-15 18:04:14]: [INFO] Development builds are available on our jenkins, thanks to f14stelt.
[04-15 18:04:14]: [INFO] Do you want a good game server? Look at our sponsor GameHosting.it leader in Italy as Game Server Provider!
[04-15 18:04:14]: [INFO] AuthMe 5.2 build n.1542 correctly enabled!
[04-15 18:04:34]: [FINE] TotalmenteGamer logged in!
[04-16 09:57:28]: [INFO] SQLite driver loaded
[04-16 09:57:28]: [INFO] SQLite Setup finished
[04-16 09:57:28]: [INFO] Hooked into PermissionsEx!
[04-16 09:57:29]: [INFO] Hooked successfully into Multiverse-Core
[04-16 09:57:29]: [INFO] [LICENSE] This product uses data from the GeoLite API created by MaxMind, available at http://www.maxmind.com
[04-16 09:57:30]: [WARN] WARNING! The protectInventory feature requires ProtocolLib! Disabling it...
[04-16 09:57:31]: [INFO] Development builds are available on our jenkins, thanks to f14stelt.
[04-16 09:57:31]: [INFO] Do you want a good game server? Look at our sponsor GameHosting.it leader in Italy as Game Server Provider!
[04-16 09:57:31]: [INFO] AuthMe 5.2 build n.1542 correctly enabled!
[04-16 10:02:57]: [FINE] TotalmenteGamer logged in!
[04-16 10:10:34]: [FINE] TotalmenteGamer logged in!
[04-16 10:16:02]: [FINE] TotalmenteGamer logged in!
[04-16 10:22:29]: [FINE] TotalmenteGamer logged in!
[04-16 10:27:06]: [INFO] SQLite driver loaded
[04-16 10:27:06]: [INFO] SQLite Setup finished
[04-16 10:27:06]: [INFO] Hooked into PermissionsEx!
[04-16 10:27:06]: [INFO] Hooked successfully into Multiverse-Core
[04-16 10:27:07]: [INFO] [LICENSE] This product uses data from the GeoLite API created by MaxMind, available at http://www.maxmind.com
[04-16 10:27:08]: [WARN] WARNING! The protectInventory feature requires ProtocolLib! Disabling it...
[04-16 10:27:08]: [INFO] Development builds are available on our jenkins, thanks to f14stelt.
[04-16 10:27:08]: [INFO] Do you want a good game server? Look at our sponsor GameHosting.it leader in Italy as Game Server Provider!
[04-16 10:27:08]: [INFO] AuthMe 5.2 build n.1542 correctly enabled!
[04-16 10:27:30]: [FINE] TotalmenteGamer logged in!
