[12:07:33] [Server thread/INFO]: Starting minecraft server version 1.8.8
[12:07:33] [Server thread/INFO]: Loading properties
[12:07:33] [Server thread/INFO]: Default game type: SURVIVAL
[12:07:33] [Server thread/INFO]: This server is running CraftBukkit version git-Spigot-21fe707-e1ebe52 (MC: 1.8.8) (Implementing API version 1.8.8-R0.1-SNAPSHOT)
[12:07:33] [Server thread/INFO]: Debug logging is disabled
[12:07:33] [Server thread/INFO]: Server Ping Player Sample Count: 12
[12:07:33] [Server thread/INFO]: Using 4 threads for Netty based IO
[12:07:33] [Server thread/INFO]: Generating keypair
[12:07:34] [Server thread/INFO]: Starting Minecraft server on 192.168.0.101:25565
[12:07:34] [Server thread/INFO]: Using default channel type
[12:07:34] [Server thread/INFO]: Set PluginClassLoader as parallel capable
[12:07:34] [Server thread/ERROR]: Could not load 'plugins\MGSkyWars.jar' in folder 'plugins'
org.bukkit.plugin.UnknownDependencyException: MinigamesLib
	at org.bukkit.plugin.SimplePluginManager.loadPlugins(SimplePluginManager.java:219) [spigot-1.8.8.jar:git-Spigot-21fe707-e1ebe52]
	at org.bukkit.craftbukkit.v1_8_R3.CraftServer.loadPlugins(CraftServer.java:292) [spigot-1.8.8.jar:git-Spigot-21fe707-e1ebe52]
	at net.minecraft.server.v1_8_R3.DedicatedServer.init(DedicatedServer.java:198) [spigot-1.8.8.jar:git-Spigot-21fe707-e1ebe52]
	at net.minecraft.server.v1_8_R3.MinecraftServer.run(MinecraftServer.java:525) [spigot-1.8.8.jar:git-Spigot-21fe707-e1ebe52]
	at java.lang.Thread.run(Unknown Source) [?:1.8.0_121]
[12:07:34] [Server thread/INFO]: [PermissionsEx] Loading PermissionsEx v1.23.4
[12:07:34] [Server thread/WARN]: [PermissionsEx] This server is in offline mode. Unless this server is configured to integrate with a supported proxy (see http://dft.ba/-8ous), UUIDs *may not be stable*!
[12:07:34] [Server thread/INFO]: [WorldEdit] Loading WorldEdit v6.1;no_git_id
[12:07:34] [Server thread/INFO]: [Vault] Loading Vault v1.5.6-b49
[12:07:34] [Server thread/INFO]: [Multiverse-Core] Loading Multiverse-Core v2.4-b527
[12:07:34] [Server thread/INFO]: [Vault] Enabling Vault v1.5.6-b49
[12:07:34] [Server thread/INFO]: [Vault] [Permission] PermissionsEx found: Waiting
[12:07:34] [Server thread/INFO]: [Vault] [Permission] SuperPermissions loaded as backup permission system.
[12:07:34] [Server thread/INFO]: [Vault] [Chat] PermissionsEx found: Waiting
[12:07:35] [Server thread/INFO]: [Vault] Enabled Version 1.5.6-b49
[12:07:35] [Server thread/WARN]: **** SERVER IS RUNNING IN OFFLINE/INSECURE MODE!
[12:07:35] [Server thread/WARN]: The server will make no attempt to authenticate usernames. Beware.
[12:07:35] [Server thread/WARN]: While this makes the game possible to play without internet access, it also opens up the ability for hackers to connect with any username they choose.
[12:07:35] [Server thread/WARN]: To change this, set "online-mode" to "true" in the server.properties file.
[12:07:35] [Server thread/INFO]: **** Beginning UUID conversion, this may take A LONG time ****
[12:07:35] [Server thread/INFO]: Preparing level "world"
[12:07:35] [Server thread/INFO]: -------- World Settings For [world] --------
[12:07:35] [Server thread/INFO]: Item Merge Radius: 2.5
[12:07:35] [Server thread/INFO]: Item Despawn Rate: 6000
[12:07:35] [Server thread/INFO]: Allow Zombie Pigmen to spawn from portal blocks: true
[12:07:35] [Server thread/INFO]: View Distance: 10
[12:07:35] [Server thread/INFO]: Arrow Despawn Rate: 1200
[12:07:35] [Server thread/INFO]: Anti X-Ray: true
[12:07:35] [Server thread/INFO]: 	Engine Mode: 1
[12:07:35] [Server thread/INFO]: 	Hidden Blocks: [14, 15, 16, 21, 48, 49, 54, 56, 73, 74, 82, 129, 130]
[12:07:35] [Server thread/INFO]: 	Replace Blocks: [1, 5]
[12:07:35] [Server thread/INFO]: Mob Spawn Range: 4
[12:07:35] [Server thread/INFO]: Nerfing mobs spawned from spawners: false
[12:07:35] [Server thread/INFO]: Tile Max Tick Time: 50ms Entity max Tick Time: 50ms
[12:07:35] [Server thread/INFO]: Max TNT Explosions: 100
[12:07:35] [Server thread/INFO]: Hopper Transfer: 8 Hopper Check: 8 Hopper Amount: 1
[12:07:35] [Server thread/INFO]: Cactus Growth Modifier: 100%
[12:07:35] [Server thread/INFO]: Cane Growth Modifier: 100%
[12:07:35] [Server thread/INFO]: Melon Growth Modifier: 100%
[12:07:35] [Server thread/INFO]: Mushroom Growth Modifier: 100%
[12:07:35] [Server thread/INFO]: Pumpkin Growth Modifier: 100%
[12:07:35] [Server thread/INFO]: Sapling Growth Modifier: 100%
[12:07:35] [Server thread/INFO]: Wheat Growth Modifier: 100%
[12:07:35] [Server thread/INFO]: NetherWart Growth Modifier: 100%
[12:07:35] [Server thread/INFO]: Entity Activation Range: An 32 / Mo 32 / Mi 16
[12:07:35] [Server thread/INFO]: Random Lighting Updates: false
[12:07:35] [Server thread/INFO]: Structure Info Saving: true
[12:07:35] [Server thread/INFO]: Entity Tracking Range: Pl 48 / An 48 / Mo 48 / Mi 32 / Other 64
[12:07:35] [Server thread/INFO]: Sending up to 10 chunks per packet
[12:07:35] [Server thread/INFO]: Experience Merge Radius: 3.0
[12:07:35] [Server thread/INFO]: Chunks to Grow per Tick: 650
[12:07:35] [Server thread/INFO]: Clear tick list: false
[12:07:35] [Server thread/INFO]: Max Entity Collisions: 8
[12:07:35] [Server thread/INFO]: Custom Map Seeds:  Village: 10387312 Feature: 14357617
[12:07:35] [Server thread/INFO]: Zombie Aggressive Towards Villager: true
[12:07:35] [Server thread/INFO]: Preparing start region for level 0 (Seed: -2835611764693024549)
[12:07:36] [Server thread/INFO]: Preparing spawn area: 66%
[12:07:36] [Server thread/INFO]: [PermissionsEx] Enabling PermissionsEx v1.23.4
[12:07:36] [Server thread/INFO]: [PermissionsEx] Initializing file backend
[12:07:36] [Server thread/INFO]: [PermissionsEx] Permissions file successfully reloaded
[12:07:36] [Server thread/INFO]: [Vault][Permission] PermissionsEx hooked.
[12:07:36] [Server thread/INFO]: [Vault][Chat] PermissionsEx_Chat hooked.
[12:07:36] [Server thread/INFO]: [WorldEdit] Enabling WorldEdit v6.1;no_git_id
[12:07:37] [Server thread/INFO]: WEPIF: PermissionsEx detected! Using PermissionsEx for permissions.
[12:07:37] [Server thread/INFO]: [WorldEdit] Using com.sk89q.worldedit.bukkit.adapter.impl.Spigot_v1_8_R3 as the Bukkit adapter
[12:07:37] [Server thread/INFO]: [Multiverse-Core] Enabling Multiverse-Core v2.4-b527
[12:07:37] [Server thread/INFO]: [Multiverse-Core] - Version 2.4-b527 (API v14) Enabled - By Rigby, fernferret, lithium3141 and main--
[12:07:37] [Server thread/INFO]: [AllPay] - Version 10.0 - using only an item based economy for Multiverse-Core v2.4-b527
[12:07:37] [Server thread/INFO]: [Multiverse-Core] Loading World & Settings - 'world' - Env: NORMAL - Type: NORMAL & seed: -2835611764693024549
[12:07:37] [Server thread/INFO]: [Multiverse-Core] Loading World & Settings - 'Lobby' - Env: NORMAL - Type: NORMAL & seed: 5821576765273950202
[12:07:37] [Server thread/INFO]: -------- World Settings For [Lobby] --------
[12:07:37] [Server thread/INFO]: Item Merge Radius: 2.5
[12:07:37] [Server thread/INFO]: Item Despawn Rate: 6000
[12:07:37] [Server thread/INFO]: Allow Zombie Pigmen to spawn from portal blocks: true
[12:07:37] [Server thread/INFO]: View Distance: 10
[12:07:37] [Server thread/INFO]: Arrow Despawn Rate: 1200
[12:07:37] [Server thread/INFO]: Anti X-Ray: true
[12:07:37] [Server thread/INFO]: 	Engine Mode: 1
[12:07:37] [Server thread/INFO]: 	Hidden Blocks: [14, 15, 16, 21, 48, 49, 54, 56, 73, 74, 82, 129, 130]
[12:07:37] [Server thread/INFO]: 	Replace Blocks: [1, 5]
[12:07:37] [Server thread/INFO]: Mob Spawn Range: 4
[12:07:37] [Server thread/INFO]: Nerfing mobs spawned from spawners: false
[12:07:37] [Server thread/INFO]: Tile Max Tick Time: 50ms Entity max Tick Time: 50ms
[12:07:37] [Server thread/INFO]: Max TNT Explosions: 100
[12:07:37] [Server thread/INFO]: Hopper Transfer: 8 Hopper Check: 8 Hopper Amount: 1
[12:07:37] [Server thread/INFO]: Cactus Growth Modifier: 100%
[12:07:37] [Server thread/INFO]: Cane Growth Modifier: 100%
[12:07:37] [Server thread/INFO]: Melon Growth Modifier: 100%
[12:07:37] [Server thread/INFO]: Mushroom Growth Modifier: 100%
[12:07:37] [Server thread/INFO]: Pumpkin Growth Modifier: 100%
[12:07:37] [Server thread/INFO]: Sapling Growth Modifier: 100%
[12:07:37] [Server thread/INFO]: Wheat Growth Modifier: 100%
[12:07:37] [Server thread/INFO]: NetherWart Growth Modifier: 100%
[12:07:37] [Server thread/INFO]: Entity Activation Range: An 32 / Mo 32 / Mi 16
[12:07:37] [Server thread/INFO]: Random Lighting Updates: false
[12:07:37] [Server thread/INFO]: Structure Info Saving: true
[12:07:37] [Server thread/INFO]: Entity Tracking Range: Pl 48 / An 48 / Mo 48 / Mi 32 / Other 64
[12:07:37] [Server thread/INFO]: Sending up to 10 chunks per packet
[12:07:37] [Server thread/INFO]: Experience Merge Radius: 3.0
[12:07:37] [Server thread/INFO]: Chunks to Grow per Tick: 650
[12:07:37] [Server thread/INFO]: Clear tick list: false
[12:07:37] [Server thread/INFO]: Max Entity Collisions: 8
[12:07:37] [Server thread/INFO]: Custom Map Seeds:  Village: 10387312 Feature: 14357617
[12:07:37] [Server thread/INFO]: Zombie Aggressive Towards Villager: true
[12:07:37] [Server thread/INFO]: Preparing start region for level 1 (Seed: 5821576765273950202)
[12:07:38] [Thread-8/ERROR]: [PermissionsEx] The updater could not contact dev.bukkit.org for updating.
[12:07:38] [Thread-8/ERROR]: [PermissionsEx] If you have not recently modified your configuration and this is the first time you are seeing this message, the site may be experiencing temporary downtime.
[12:07:38] [Thread-8/ERROR]: [PermissionsEx] null
java.io.IOException: Server returned HTTP response code: 521 for URL: https://api.curseforge.com/servermods/files?projectIds=31279
	at sun.net.www.protocol.http.HttpURLConnection.getInputStream0(Unknown Source) ~[?:1.8.0_121]
	at sun.net.www.protocol.http.HttpURLConnection.getInputStream(Unknown Source) ~[?:1.8.0_121]
	at sun.net.www.protocol.https.HttpsURLConnectionImpl.getInputStream(Unknown Source) ~[?:1.8.0_121]
	at ru.tehkode.libs.net.gravitydevelopment.updater.Updater.read(Updater.java:643) [PermissionsEx-1.23.4.jar:?]
	at ru.tehkode.libs.net.gravitydevelopment.updater.Updater.runUpdater(Updater.java:718) [PermissionsEx-1.23.4.jar:?]
	at ru.tehkode.libs.net.gravitydevelopment.updater.Updater.access$100(Updater.java:36) [PermissionsEx-1.23.4.jar:?]
	at ru.tehkode.libs.net.gravitydevelopment.updater.Updater$UpdateRunnable.run(Updater.java:713) [PermissionsEx-1.23.4.jar:?]
	at java.lang.Thread.run(Unknown Source) [?:1.8.0_121]
[12:07:38] [Server thread/INFO]: Preparing spawn area for Lobby, 81%
[12:07:38] [Server thread/INFO]: [Multiverse-Core] Loading World & Settings - 'work' - Env: NORMAL - Type: NORMAL & seed: -3081921282634678907
[12:07:38] [Server thread/INFO]: -------- World Settings For [work] --------
[12:07:38] [Server thread/INFO]: Item Merge Radius: 2.5
[12:07:38] [Server thread/INFO]: Item Despawn Rate: 6000
[12:07:38] [Server thread/INFO]: Allow Zombie Pigmen to spawn from portal blocks: true
[12:07:38] [Server thread/INFO]: View Distance: 10
[12:07:38] [Server thread/INFO]: Arrow Despawn Rate: 1200
[12:07:38] [Server thread/INFO]: Anti X-Ray: true
[12:07:38] [Server thread/INFO]: 	Engine Mode: 1
[12:07:38] [Server thread/INFO]: 	Hidden Blocks: [14, 15, 16, 21, 48, 49, 54, 56, 73, 74, 82, 129, 130]
[12:07:38] [Server thread/INFO]: 	Replace Blocks: [1, 5]
[12:07:38] [Server thread/INFO]: Mob Spawn Range: 4
[12:07:38] [Server thread/INFO]: Nerfing mobs spawned from spawners: false
[12:07:38] [Server thread/INFO]: Tile Max Tick Time: 50ms Entity max Tick Time: 50ms
[12:07:38] [Server thread/INFO]: Max TNT Explosions: 100
[12:07:38] [Server thread/INFO]: Hopper Transfer: 8 Hopper Check: 8 Hopper Amount: 1
[12:07:38] [Server thread/INFO]: Cactus Growth Modifier: 100%
[12:07:38] [Server thread/INFO]: Cane Growth Modifier: 100%
[12:07:38] [Server thread/INFO]: Melon Growth Modifier: 100%
[12:07:38] [Server thread/INFO]: Mushroom Growth Modifier: 100%
[12:07:38] [Server thread/INFO]: Pumpkin Growth Modifier: 100%
[12:07:38] [Server thread/INFO]: Sapling Growth Modifier: 100%
[12:07:38] [Server thread/INFO]: Wheat Growth Modifier: 100%
[12:07:38] [Server thread/INFO]: NetherWart Growth Modifier: 100%
[12:07:38] [Server thread/INFO]: Entity Activation Range: An 32 / Mo 32 / Mi 16
[12:07:38] [Server thread/INFO]: Random Lighting Updates: false
[12:07:38] [Server thread/INFO]: Structure Info Saving: true
[12:07:38] [Server thread/INFO]: Entity Tracking Range: Pl 48 / An 48 / Mo 48 / Mi 32 / Other 64
[12:07:38] [Server thread/INFO]: Sending up to 10 chunks per packet
[12:07:38] [Server thread/INFO]: Experience Merge Radius: 3.0
[12:07:38] [Server thread/INFO]: Chunks to Grow per Tick: 650
[12:07:38] [Server thread/INFO]: Clear tick list: false
[12:07:38] [Server thread/INFO]: Max Entity Collisions: 8
[12:07:38] [Server thread/INFO]: Custom Map Seeds:  Village: 10387312 Feature: 14357617
[12:07:38] [Server thread/INFO]: Zombie Aggressive Towards Villager: true
[12:07:39] [Server thread/INFO]: Preparing start region for level 2 (Seed: -3081921282634678907)
[12:07:40] [Server thread/INFO]: Preparing spawn area for work, 56%
[12:07:40] [Server thread/INFO]: [Multiverse-Core] 3 - World(s) loaded.
[12:07:40] [Server thread/INFO]: Server permissions file permissions.yml is empty, ignoring it
[12:07:40] [Server thread/INFO]: Done (5,283s)! For help, type "help" or "?"
[12:07:40] [Craft Scheduler Thread - 2/INFO]: [Vault] Checking for Updates ... 
[12:07:40] [Craft Scheduler Thread - 2/INFO]: [Vault] There was an issue attempting to check for the latest version.
[12:07:40] [Craft Scheduler Thread - 2/INFO]: [Vault] No new version available
