[20:20:37] [Server thread/INFO]: Starting minecraft server version 1.8.8
[20:20:37] [Server thread/INFO]: Loading properties
[20:20:37] [Server thread/INFO]: Default game type: SURVIVAL
[20:20:37] [Server thread/INFO]: This server is running CraftBukkit version git-Spigot-21fe707-e1ebe52 (MC: 1.8.8) (Implementing API version 1.8.8-R0.1-SNAPSHOT)
[20:20:37] [Server thread/INFO]: Debug logging is disabled
[20:20:37] [Server thread/INFO]: Using 4 threads for Netty based IO
[20:20:37] [Server thread/INFO]: Server Ping Player Sample Count: 12
[20:20:37] [Server thread/INFO]: Generating keypair
[20:20:38] [Server thread/INFO]: Starting Minecraft server on 192.168.0.101:25565
[20:20:38] [Server thread/INFO]: Using default channel type
[20:20:38] [Server thread/INFO]: Set PluginClassLoader as parallel capable
[20:20:38] [Server thread/ERROR]: Could not load 'plugins\MGSkyWars.jar' in folder 'plugins'
org.bukkit.plugin.UnknownDependencyException: MinigamesLib
	at org.bukkit.plugin.SimplePluginManager.loadPlugins(SimplePluginManager.java:219) [spigot-1.8.8.jar:git-Spigot-21fe707-e1ebe52]
	at org.bukkit.craftbukkit.v1_8_R3.CraftServer.loadPlugins(CraftServer.java:292) [spigot-1.8.8.jar:git-Spigot-21fe707-e1ebe52]
	at net.minecraft.server.v1_8_R3.DedicatedServer.init(DedicatedServer.java:198) [spigot-1.8.8.jar:git-Spigot-21fe707-e1ebe52]
	at net.minecraft.server.v1_8_R3.MinecraftServer.run(MinecraftServer.java:525) [spigot-1.8.8.jar:git-Spigot-21fe707-e1ebe52]
	at java.lang.Thread.run(Unknown Source) [?:1.8.0_121]
[20:20:38] [Server thread/INFO]: [PermissionsEx] Loading PermissionsEx v1.23.4
[20:20:38] [Server thread/WARN]: [PermissionsEx] This server is in offline mode. Unless this server is configured to integrate with a supported proxy (see http://dft.ba/-8ous), UUIDs *may not be stable*!
[20:20:38] [Server thread/INFO]: [WorldEdit] Loading WorldEdit v6.1;no_git_id
[20:20:38] [Server thread/INFO]: [Vault] Loading Vault v1.5.6-b49
[20:20:38] [Server thread/INFO]: [Multiverse-Core] Loading Multiverse-Core v2.4-b527
[20:20:38] [Server thread/INFO]: [Vault] Enabling Vault v1.5.6-b49
[20:20:38] [Server thread/INFO]: [Vault] [Permission] PermissionsEx found: Waiting
[20:20:38] [Server thread/INFO]: [Vault] [Permission] SuperPermissions loaded as backup permission system.
[20:20:38] [Server thread/INFO]: [Vault] [Chat] PermissionsEx found: Waiting
[20:20:38] [Server thread/INFO]: [Vault] Enabled Version 1.5.6-b49
[20:20:38] [Server thread/WARN]: **** SERVER IS RUNNING IN OFFLINE/INSECURE MODE!
[20:20:38] [Server thread/WARN]: The server will make no attempt to authenticate usernames. Beware.
[20:20:38] [Server thread/WARN]: While this makes the game possible to play without internet access, it also opens up the ability for hackers to connect with any username they choose.
[20:20:38] [Server thread/WARN]: To change this, set "online-mode" to "true" in the server.properties file.
[20:20:38] [Server thread/INFO]: **** Beginning UUID conversion, this may take A LONG time ****
[20:20:38] [Server thread/INFO]: Preparing level "world"
[20:20:38] [Server thread/INFO]: -------- World Settings For [world] --------
[20:20:38] [Server thread/INFO]: Custom Map Seeds:  Village: 10387312 Feature: 14357617
[20:20:38] [Server thread/INFO]: Max Entity Collisions: 8
[20:20:38] [Server thread/INFO]: Item Despawn Rate: 6000
[20:20:38] [Server thread/INFO]: Item Merge Radius: 2.5
[20:20:38] [Server thread/INFO]: Zombie Aggressive Towards Villager: true
[20:20:38] [Server thread/INFO]: Arrow Despawn Rate: 1200
[20:20:38] [Server thread/INFO]: Allow Zombie Pigmen to spawn from portal blocks: true
[20:20:38] [Server thread/INFO]: Chunks to Grow per Tick: 650
[20:20:38] [Server thread/INFO]: Clear tick list: false
[20:20:38] [Server thread/INFO]: Experience Merge Radius: 3.0
[20:20:38] [Server thread/INFO]: View Distance: 10
[20:20:38] [Server thread/INFO]: Hopper Transfer: 8 Hopper Check: 8 Hopper Amount: 1
[20:20:38] [Server thread/INFO]: Tile Max Tick Time: 50ms Entity max Tick Time: 50ms
[20:20:38] [Server thread/INFO]: Entity Tracking Range: Pl 48 / An 48 / Mo 48 / Mi 32 / Other 64
[20:20:38] [Server thread/INFO]: Cactus Growth Modifier: 100%
[20:20:38] [Server thread/INFO]: Cane Growth Modifier: 100%
[20:20:38] [Server thread/INFO]: Melon Growth Modifier: 100%
[20:20:38] [Server thread/INFO]: Mushroom Growth Modifier: 100%
[20:20:38] [Server thread/INFO]: Pumpkin Growth Modifier: 100%
[20:20:38] [Server thread/INFO]: Sapling Growth Modifier: 100%
[20:20:38] [Server thread/INFO]: Wheat Growth Modifier: 100%
[20:20:38] [Server thread/INFO]: NetherWart Growth Modifier: 100%
[20:20:38] [Server thread/INFO]: Random Lighting Updates: false
[20:20:38] [Server thread/INFO]: Max TNT Explosions: 100
[20:20:38] [Server thread/INFO]: Mob Spawn Range: 4
[20:20:38] [Server thread/INFO]: Structure Info Saving: true
[20:20:38] [Server thread/INFO]: Nerfing mobs spawned from spawners: false
[20:20:38] [Server thread/INFO]: Sending up to 10 chunks per packet
[20:20:38] [Server thread/INFO]: Entity Activation Range: An 32 / Mo 32 / Mi 16
[20:20:38] [Server thread/INFO]: Anti X-Ray: true
[20:20:38] [Server thread/INFO]: 	Engine Mode: 1
[20:20:38] [Server thread/INFO]: 	Hidden Blocks: [14, 15, 16, 21, 48, 49, 54, 56, 73, 74, 82, 129, 130]
[20:20:38] [Server thread/INFO]: 	Replace Blocks: [1, 5]
[20:20:38] [Server thread/INFO]: Preparing start region for level 0 (Seed: -2835611764693024549)
[20:20:39] [Server thread/INFO]: Preparing spawn area: 69%
[20:20:40] [Server thread/INFO]: [PermissionsEx] Enabling PermissionsEx v1.23.4
[20:20:40] [Server thread/INFO]: [PermissionsEx] Initializing file backend
[20:20:40] [Server thread/INFO]: [PermissionsEx] Permissions file successfully reloaded
[20:20:40] [Server thread/INFO]: [Vault][Permission] PermissionsEx hooked.
[20:20:40] [Server thread/INFO]: [Vault][Chat] PermissionsEx_Chat hooked.
[20:20:40] [Server thread/INFO]: [WorldEdit] Enabling WorldEdit v6.1;no_git_id
[20:20:41] [Server thread/INFO]: WEPIF: PermissionsEx detected! Using PermissionsEx for permissions.
[20:20:41] [Server thread/INFO]: [WorldEdit] Using com.sk89q.worldedit.bukkit.adapter.impl.Spigot_v1_8_R3 as the Bukkit adapter
[20:20:41] [Server thread/INFO]: [Multiverse-Core] Enabling Multiverse-Core v2.4-b527
[20:20:41] [Server thread/INFO]: [Multiverse-Core] - Version 2.4-b527 (API v14) Enabled - By Rigby, fernferret, lithium3141 and main--
[20:20:41] [Server thread/INFO]: [AllPay] - Version 10.0 - using only an item based economy for Multiverse-Core v2.4-b527
[20:20:41] [Server thread/INFO]: [Multiverse-Core] Loading World & Settings - 'world' - Env: NORMAL - Type: NORMAL & seed: -2835611764693024549
[20:20:41] [Server thread/INFO]: [Multiverse-Core] Loading World & Settings - 'Lobby' - Env: NORMAL - Type: NORMAL & seed: 5821576765273950202
[20:20:41] [Server thread/INFO]: -------- World Settings For [Lobby] --------
[20:20:41] [Server thread/INFO]: Custom Map Seeds:  Village: 10387312 Feature: 14357617
[20:20:41] [Server thread/INFO]: Max Entity Collisions: 8
[20:20:41] [Server thread/INFO]: Item Despawn Rate: 6000
[20:20:41] [Server thread/INFO]: Item Merge Radius: 2.5
[20:20:41] [Server thread/INFO]: Zombie Aggressive Towards Villager: true
[20:20:41] [Server thread/INFO]: Arrow Despawn Rate: 1200
[20:20:41] [Server thread/INFO]: Allow Zombie Pigmen to spawn from portal blocks: true
[20:20:41] [Server thread/INFO]: Chunks to Grow per Tick: 650
[20:20:41] [Server thread/INFO]: Clear tick list: false
[20:20:41] [Server thread/INFO]: Experience Merge Radius: 3.0
[20:20:41] [Server thread/INFO]: View Distance: 10
[20:20:41] [Server thread/INFO]: Hopper Transfer: 8 Hopper Check: 8 Hopper Amount: 1
[20:20:41] [Server thread/INFO]: Tile Max Tick Time: 50ms Entity max Tick Time: 50ms
[20:20:41] [Server thread/INFO]: Entity Tracking Range: Pl 48 / An 48 / Mo 48 / Mi 32 / Other 64
[20:20:41] [Server thread/INFO]: Cactus Growth Modifier: 100%
[20:20:41] [Server thread/INFO]: Cane Growth Modifier: 100%
[20:20:41] [Server thread/INFO]: Melon Growth Modifier: 100%
[20:20:41] [Server thread/INFO]: Mushroom Growth Modifier: 100%
[20:20:41] [Server thread/INFO]: Pumpkin Growth Modifier: 100%
[20:20:41] [Server thread/INFO]: Sapling Growth Modifier: 100%
[20:20:41] [Server thread/INFO]: Wheat Growth Modifier: 100%
[20:20:41] [Server thread/INFO]: NetherWart Growth Modifier: 100%
[20:20:41] [Server thread/INFO]: Random Lighting Updates: false
[20:20:41] [Server thread/INFO]: Max TNT Explosions: 100
[20:20:41] [Server thread/INFO]: Mob Spawn Range: 4
[20:20:41] [Server thread/INFO]: Structure Info Saving: true
[20:20:41] [Server thread/INFO]: Nerfing mobs spawned from spawners: false
[20:20:41] [Server thread/INFO]: Sending up to 10 chunks per packet
[20:20:41] [Server thread/INFO]: Entity Activation Range: An 32 / Mo 32 / Mi 16
[20:20:41] [Server thread/INFO]: Anti X-Ray: true
[20:20:41] [Server thread/INFO]: 	Engine Mode: 1
[20:20:41] [Server thread/INFO]: 	Hidden Blocks: [14, 15, 16, 21, 48, 49, 54, 56, 73, 74, 82, 129, 130]
[20:20:41] [Server thread/INFO]: 	Replace Blocks: [1, 5]
[20:20:41] [Server thread/INFO]: Preparing start region for level 1 (Seed: 5821576765273950202)
[20:20:42] [Server thread/INFO]: Preparing spawn area for Lobby, 73%
[20:20:43] [Server thread/INFO]: [Multiverse-Core] Loading World & Settings - 'work' - Env: NORMAL - Type: NORMAL & seed: -3081921282634678907
[20:20:43] [Server thread/INFO]: -------- World Settings For [work] --------
[20:20:43] [Server thread/INFO]: Custom Map Seeds:  Village: 10387312 Feature: 14357617
[20:20:43] [Server thread/INFO]: Max Entity Collisions: 8
[20:20:43] [Server thread/INFO]: Item Despawn Rate: 6000
[20:20:43] [Server thread/INFO]: Item Merge Radius: 2.5
[20:20:43] [Server thread/INFO]: Zombie Aggressive Towards Villager: true
[20:20:43] [Server thread/INFO]: Arrow Despawn Rate: 1200
[20:20:43] [Server thread/INFO]: Allow Zombie Pigmen to spawn from portal blocks: true
[20:20:43] [Server thread/INFO]: Chunks to Grow per Tick: 650
[20:20:43] [Server thread/INFO]: Clear tick list: false
[20:20:43] [Server thread/INFO]: Experience Merge Radius: 3.0
[20:20:43] [Server thread/INFO]: View Distance: 10
[20:20:43] [Server thread/INFO]: Hopper Transfer: 8 Hopper Check: 8 Hopper Amount: 1
[20:20:43] [Server thread/INFO]: Tile Max Tick Time: 50ms Entity max Tick Time: 50ms
[20:20:43] [Server thread/INFO]: Entity Tracking Range: Pl 48 / An 48 / Mo 48 / Mi 32 / Other 64
[20:20:43] [Server thread/INFO]: Cactus Growth Modifier: 100%
[20:20:43] [Server thread/INFO]: Cane Growth Modifier: 100%
[20:20:43] [Server thread/INFO]: Melon Growth Modifier: 100%
[20:20:43] [Server thread/INFO]: Mushroom Growth Modifier: 100%
[20:20:43] [Server thread/INFO]: Pumpkin Growth Modifier: 100%
[20:20:43] [Server thread/INFO]: Sapling Growth Modifier: 100%
[20:20:43] [Server thread/INFO]: Wheat Growth Modifier: 100%
[20:20:43] [Server thread/INFO]: NetherWart Growth Modifier: 100%
[20:20:43] [Server thread/INFO]: Random Lighting Updates: false
[20:20:43] [Server thread/INFO]: Max TNT Explosions: 100
[20:20:43] [Server thread/INFO]: Mob Spawn Range: 4
[20:20:43] [Server thread/INFO]: Structure Info Saving: true
[20:20:43] [Server thread/INFO]: Nerfing mobs spawned from spawners: false
[20:20:43] [Server thread/INFO]: Sending up to 10 chunks per packet
[20:20:43] [Server thread/INFO]: Entity Activation Range: An 32 / Mo 32 / Mi 16
[20:20:43] [Server thread/INFO]: Anti X-Ray: true
[20:20:43] [Server thread/INFO]: 	Engine Mode: 1
[20:20:43] [Server thread/INFO]: 	Hidden Blocks: [14, 15, 16, 21, 48, 49, 54, 56, 73, 74, 82, 129, 130]
[20:20:43] [Server thread/INFO]: 	Replace Blocks: [1, 5]
[20:20:43] [Server thread/INFO]: Preparing start region for level 2 (Seed: -3081921282634678907)
[20:20:43] [Server thread/INFO]: [Multiverse-Core] 3 - World(s) loaded.
[20:20:43] [Server thread/INFO]: Server permissions file permissions.yml is empty, ignoring it
[20:20:43] [Server thread/INFO]: Done (5,134s)! For help, type "help" or "?"
[20:20:43] [Craft Scheduler Thread - 2/INFO]: [Vault] Checking for Updates ... 
[20:20:44] [Craft Scheduler Thread - 2/INFO]: [Vault] No new version available
[20:22:29] [Thread-10/INFO]: UUID of player Rukia is b3d0390d-c374-3048-a078-f90d60a144f8
[20:22:29] [Server thread/INFO]: Rukia[/192.168.0.101:52139] logged in with entity id 78 at ([Lobby]-199.54984359018846, 230.93632568664208, 106.2613715238456)
[22:32:46] [Server thread/INFO]: Rukia lost connection: Internal Exception: java.io.IOException: Foi forçado o cancelamento de uma conexão existente pelo host remoto
[22:32:47] [Server thread/INFO]: Rukia left the game.
