2016-10-27 21:24:44 [INFORMAÇÕES] [Multiverse-Core] - Version 2.4-b527 (API v14) Enabled - By Rigby, fernferret, lithium3141 and main--
2016-10-27 21:24:44 [INFORMAÇÕES] [Multiverse-Core] Loading World & Settings - 'world' - Env: NORMAL - Type: NORMAL & seed: -2835611764693024549
2016-10-27 21:24:44 [ADVERTÊNCIA] [Multiverse-Core] Spawn location from world.dat file was unsafe. Adjusting...
2016-10-27 21:24:44 [ADVERTÊNCIA] [Multiverse-Core] Original Location: X: 212 Y: 64 Z: 256 P: 0 Y: 0 
2016-10-27 21:24:44 [INFORMAÇÕES] [Multiverse-Core] New Spawn for 'world' is Located at: world:217,50,64,00,256,50:0,00:0,00
2016-10-27 21:24:44 [INFORMAÇÕES] [Multiverse-Core] Loading World & Settings - 'world' - Env: NORMAL - Type: NORMAL & seed: -2835611764693024549
2016-10-27 21:24:44 [INFORMAÇÕES] [Multiverse-Core] 1 - World(s) loaded.
2016-10-27 21:27:15 [INFORMAÇÕES] [Multiverse-Core] - Version 2.4-b527 (API v14) Enabled - By Rigby, fernferret, lithium3141 and main--
2016-10-27 21:27:15 [INFORMAÇÕES] [Multiverse-Core] Loading World & Settings - 'world' - Env: NORMAL - Type: NORMAL & seed: -2835611764693024549
2016-10-27 21:27:15 [INFORMAÇÕES] [Multiverse-Core] 1 - World(s) loaded.
2017-03-19 19:19:51 [INFORMAÇÕES] [Multiverse-Core] - Version 2.4-b527 (API v14) Enabled - By Rigby, fernferret, lithium3141 and main--
2017-03-19 19:19:51 [INFORMAÇÕES] [Multiverse-Core] Loading World & Settings - 'world' - Env: NORMAL - Type: NORMAL & seed: -2835611764693024549
2017-03-19 19:19:51 [ADVERTÊNCIA] [Multiverse-Core] Spawn location from world.dat file was unsafe. Adjusting...
2017-03-19 19:19:51 [ADVERTÊNCIA] [Multiverse-Core] Original Location: X: 217 Y: 64 Z: 256 P: 0 Y: 0 
2017-03-19 19:19:51 [INFORMAÇÕES] [Multiverse-Core] New Spawn for 'world' is Located at: world:218,50,63,00,256,50:0,00:0,00
2017-03-19 19:19:51 [INFORMAÇÕES] [Multiverse-Core] 1 - World(s) loaded.
2017-03-19 19:26:32 [INFORMAÇÕES] [Multiverse-Core] - Version 2.4-b527 (API v14) Enabled - By Rigby, fernferret, lithium3141 and main--
2017-03-19 19:26:32 [INFORMAÇÕES] [Multiverse-Core] Loading World & Settings - 'Lobby' - Env: NORMAL - Type: NORMAL & seed: 5821576765273950202
2017-03-19 19:26:32 [ADVERTÊNCIA] [Multiverse-Core] Spawn location from world.dat file was unsafe. Adjusting...
2017-03-19 19:26:32 [ADVERTÊNCIA] [Multiverse-Core] Original Location: X: -116 Y: 64 Z: 192 P: 0 Y: 0 
2017-03-19 19:26:32 [INFORMAÇÕES] [Multiverse-Core] New Spawn for 'Lobby' is Located at: Lobby:-110,50,64,00,197,50:0,00:0,00
2017-03-19 19:26:32 [INFORMAÇÕES] [Multiverse-Core] Loading World & Settings - 'world' - Env: NORMAL - Type: NORMAL & seed: -2835611764693024549
2017-03-19 19:26:33 [INFORMAÇÕES] [Multiverse-Core] Loading World & Settings - 'Lobby' - Env: NORMAL - Type: NORMAL & seed: 5821576765273950202
2017-03-19 19:26:33 [INFORMAÇÕES] [Multiverse-Core] 2 - World(s) loaded.
2017-03-19 19:28:15 [INFORMAÇÕES] [Multiverse-Core] - Version 2.4-b527 (API v14) Enabled - By Rigby, fernferret, lithium3141 and main--
2017-03-19 19:28:15 [INFORMAÇÕES] [Multiverse-Core] Loading World & Settings - 'work' - Env: NORMAL - Type: NORMAL & seed: -3081921282634678907
2017-03-19 19:28:15 [ADVERTÊNCIA] [Multiverse-Core] Spawn location from world.dat file was unsafe. Adjusting...
2017-03-19 19:28:15 [ADVERTÊNCIA] [Multiverse-Core] Original Location: X: -20 Y: 64 Z: 256 P: 0 Y: 0 
2017-03-19 19:28:15 [INFORMAÇÕES] [Multiverse-Core] New Spawn for 'work' is Located at: work:-22,50,64,00,259,50:0,00:0,00
2017-03-19 19:28:15 [INFORMAÇÕES] [Multiverse-Core] Loading World & Settings - 'world' - Env: NORMAL - Type: NORMAL & seed: -2835611764693024549
2017-03-19 19:28:16 [INFORMAÇÕES] [Multiverse-Core] Loading World & Settings - 'Lobby' - Env: NORMAL - Type: NORMAL & seed: 5821576765273950202
2017-03-19 19:28:18 [INFORMAÇÕES] [Multiverse-Core] Loading World & Settings - 'work' - Env: NORMAL - Type: NORMAL & seed: -3081921282634678907
2017-03-19 19:28:18 [INFORMAÇÕES] [Multiverse-Core] 3 - World(s) loaded.
2017-03-19 19:33:18 [INFORMAÇÕES] [Multiverse-Core] - Version 2.4-b527 (API v14) Enabled - By Rigby, fernferret, lithium3141 and main--
2017-03-19 19:33:18 [INFORMAÇÕES] [Multiverse-Core] Loading World & Settings - 'world' - Env: NORMAL - Type: NORMAL & seed: -2835611764693024549
2017-03-19 19:33:18 [INFORMAÇÕES] [Multiverse-Core] Loading World & Settings - 'Lobby' - Env: NORMAL - Type: NORMAL & seed: 5821576765273950202
2017-03-19 19:33:22 [INFORMAÇÕES] [Multiverse-Core] Loading World & Settings - 'work' - Env: NORMAL - Type: NORMAL & seed: -3081921282634678907
2017-03-19 19:33:29 [INFORMAÇÕES] [Multiverse-Core] 3 - World(s) loaded.
2017-03-19 19:34:50 [INFORMAÇÕES] [Multiverse-Core] - Version 2.4-b527 (API v14) Enabled - By Rigby, fernferret, lithium3141 and main--
2017-03-19 19:34:50 [INFORMAÇÕES] [Multiverse-Core] Loading World & Settings - 'world' - Env: NORMAL - Type: NORMAL & seed: -2835611764693024549
2017-03-19 19:34:50 [INFORMAÇÕES] [Multiverse-Core] Loading World & Settings - 'Lobby' - Env: NORMAL - Type: NORMAL & seed: 5821576765273950202
2017-03-19 19:34:54 [INFORMAÇÕES] [Multiverse-Core] Loading World & Settings - 'work' - Env: NORMAL - Type: NORMAL & seed: -3081921282634678907
2017-03-19 19:34:57 [INFORMAÇÕES] [Multiverse-Core] 3 - World(s) loaded.
2017-03-20 09:57:02 [INFORMAÇÕES] [Multiverse-Core] - Version 2.4-b527 (API v14) Enabled - By Rigby, fernferret, lithium3141 and main--
2017-03-20 09:57:02 [INFORMAÇÕES] [Multiverse-Core] Loading World & Settings - 'world' - Env: NORMAL - Type: NORMAL & seed: -2835611764693024549
2017-03-20 09:57:02 [ADVERTÊNCIA] [Multiverse-Core] Spawn location from world.dat file was unsafe. Adjusting...
2017-03-20 09:57:02 [ADVERTÊNCIA] [Multiverse-Core] Original Location: X: 218 Y: 63 Z: 256 P: 0 Y: 0 
2017-03-20 09:57:02 [INFORMAÇÕES] [Multiverse-Core] New Spawn for 'world' is Located at: world:220,50,63,00,258,50:0,00:0,00
2017-03-20 09:57:02 [INFORMAÇÕES] [Multiverse-Core] Loading World & Settings - 'Lobby' - Env: NORMAL - Type: NORMAL & seed: 5821576765273950202
2017-03-20 09:57:02 [INFORMAÇÕES] [Multiverse-Core] Loading World & Settings - 'work' - Env: NORMAL - Type: NORMAL & seed: -3081921282634678907
2017-03-20 09:57:03 [INFORMAÇÕES] [Multiverse-Core] 3 - World(s) loaded.
2017-03-20 10:31:23 [INFORMAÇÕES] [Multiverse-Core] - Version 2.4-b527 (API v14) Enabled - By Rigby, fernferret, lithium3141 and main--
2017-03-20 10:31:23 [INFORMAÇÕES] [Multiverse-Core] Loading World & Settings - 'world' - Env: NORMAL - Type: NORMAL & seed: -2835611764693024549
2017-03-20 10:31:23 [INFORMAÇÕES] [Multiverse-Core] Loading World & Settings - 'Lobby' - Env: NORMAL - Type: NORMAL & seed: 5821576765273950202
2017-03-20 10:31:23 [INFORMAÇÕES] [Multiverse-Core] Loading World & Settings - 'work' - Env: NORMAL - Type: NORMAL & seed: -3081921282634678907
2017-03-20 10:31:24 [INFORMAÇÕES] [Multiverse-Core] 3 - World(s) loaded.
2017-03-20 11:03:45 [INFORMAÇÕES] [Multiverse-Core] - Version 2.4-b527 (API v14) Enabled - By Rigby, fernferret, lithium3141 and main--
2017-03-20 11:03:45 [INFORMAÇÕES] [Multiverse-Core] Loading World & Settings - 'world' - Env: NORMAL - Type: NORMAL & seed: -2835611764693024549
2017-03-20 11:03:45 [INFORMAÇÕES] [Multiverse-Core] Loading World & Settings - 'Lobby' - Env: NORMAL - Type: NORMAL & seed: 5821576765273950202
2017-03-20 11:03:45 [INFORMAÇÕES] [Multiverse-Core] Loading World & Settings - 'work' - Env: NORMAL - Type: NORMAL & seed: -3081921282634678907
2017-03-20 11:03:46 [INFORMAÇÕES] [Multiverse-Core] 3 - World(s) loaded.
2017-03-21 12:07:37 [INFORMAÇÕES] [Multiverse-Core] - Version 2.4-b527 (API v14) Enabled - By Rigby, fernferret, lithium3141 and main--
2017-03-21 12:07:37 [INFORMAÇÕES] [Multiverse-Core] Loading World & Settings - 'world' - Env: NORMAL - Type: NORMAL & seed: -2835611764693024549
2017-03-21 12:07:37 [INFORMAÇÕES] [Multiverse-Core] Loading World & Settings - 'Lobby' - Env: NORMAL - Type: NORMAL & seed: 5821576765273950202
2017-03-21 12:07:38 [INFORMAÇÕES] [Multiverse-Core] Loading World & Settings - 'work' - Env: NORMAL - Type: NORMAL & seed: -3081921282634678907
2017-03-21 12:07:40 [INFORMAÇÕES] [Multiverse-Core] 3 - World(s) loaded.
2017-03-22 13:52:41 [INFO] [Multiverse-Core] - Version 2.4-b527 (API v14) Enabled - By Rigby, fernferret, lithium3141 and main--
2017-03-22 13:52:41 [INFO] [Multiverse-Core] Loading World & Settings - 'world' - Env: NORMAL - Type: NORMAL & seed: -2835611764693024549
2017-03-22 13:52:41 [INFO] [Multiverse-Core] Loading World & Settings - 'Lobby' - Env: NORMAL - Type: NORMAL & seed: 5821576765273950202
2017-03-22 13:52:43 [INFO] [Multiverse-Core] Loading World & Settings - 'work' - Env: NORMAL - Type: NORMAL & seed: -3081921282634678907
2017-03-22 13:52:45 [INFO] [Multiverse-Core] 3 - World(s) loaded.
2017-03-22 13:57:11 [INFO] [Multiverse-Core] - Version 2.4-b527 (API v14) Enabled - By Rigby, fernferret, lithium3141 and main--
2017-03-22 13:57:11 [INFO] [Multiverse-Core] Loading World & Settings - 'world' - Env: NORMAL - Type: NORMAL & seed: -2835611764693024549
2017-03-22 13:57:11 [INFO] [Multiverse-Core] Loading World & Settings - 'Lobby' - Env: NORMAL - Type: NORMAL & seed: 5821576765273950202
2017-03-22 13:57:12 [INFO] [Multiverse-Core] Loading World & Settings - 'work' - Env: NORMAL - Type: NORMAL & seed: -3081921282634678907
2017-03-22 13:57:13 [INFO] [Multiverse-Core] 3 - World(s) loaded.
